<?xml version="1.0" encoding="UTF-8"?>
<!-- Generated by org.testng.reporters.JUnitXMLReporter -->
<testsuite ignored="3" hostname="DESKTOP-5EVK54D" failures="1" tests="2" name="Default test(failed)" time="0.138" errors="0" timestamp="2022-08-01T08:24:20 IST">
  <testcase classname="testngdiscussion.ExecuteFailedTestCase" name="dashBoard" time="0.021">
    <failure type="java.util.NoSuchElementException" message="element is not available">
      <![CDATA[java.util.NoSuchElementException: element is not available
at testngdiscussion.ExecuteFailedTestCase.dashBoard(ExecuteFailedTestCase.java:30)
at java.base/java.util.ArrayList.forEach(ArrayList.java:1511)
... Removed 27 stack frames]]>
    </failure>
  </testcase> <!-- dashBoard -->
  <testcase classname="testngdiscussion.ExecuteFailedTestCase" name="home" time="0.008"/>
  <testcase classname="testngdiscussion.ExecuteFailedTestCase" name="logout" time="0.0">
    <ignored/>
  </testcase> <!-- logout -->
  <testcase classname="testngdiscussion.ExecuteFailedTestCase" name="login" time="0.0">
    <ignored/>
  </testcase> <!-- login -->
  <testcase classname="testngdiscussion.ExecuteFailedTestCase" name="profile" time="0.0">
    <ignored/>
  </testcase> <!-- profile -->
</testsuite> <!-- Default test(failed) -->
