<?xml version="1.0" encoding="UTF-8"?>
<!-- Generated by org.testng.reporters.JUnitXMLReporter -->
<testsuite ignored="0" hostname="DESKTOP-5EVK54D" failures="1" tests="2" name="Chrome" time="36.141" errors="0" timestamp="2022-08-02T08:01:29 IST">
  <testcase classname="testngdiscussion.ParallelTestTagExecutionChrome" name="launchChrome" time="16.117"/>
  <testcase classname="testngdiscussion.ParallelTestTagExecutionChrome" name="searchTest" time="19.903">
    <failure type="java.lang.AssertionError" message="expected [Amazon.in : mobilephone] but found [Amazon.in : Mobile Phone]">
      <![CDATA[java.lang.AssertionError: expected [Amazon.in : mobilephone] but found [Amazon.in : Mobile Phone]
at testngdiscussion.ParallelTestTagExecutionChrome.searchTest(ParallelTestTagExecutionChrome.java:34)
at java.base/java.util.ArrayList.forEach(ArrayList.java:1511)
at java.base/java.util.concurrent.FutureTask.run(FutureTask.java:264)
at java.base/java.util.concurrent.ThreadPoolExecutor.runWorker(ThreadPoolExecutor.java:1136)
at java.base/java.util.concurrent.ThreadPoolExecutor$Worker.run(ThreadPoolExecutor.java:635)
at java.base/java.lang.Thread.run(Thread.java:833)
... Removed 24 stack frames]]>
    </failure>
  </testcase> <!-- searchTest -->
</testsuite> <!-- Chrome -->
